<?xml version="1.0" encoding="UTF-8"?>
<testng-results skipped="0" failed="0" ignored="0" total="2" passed="2">
  <reporter-output>
  </reporter-output>
  <suite name="Default suite" duration-ms="3972" started-at="2018-03-12T04:03:50Z" finished-at="2018-03-12T04:03:54Z">
    <groups>
    </groups>
    <test name="Default test" duration-ms="3972" started-at="2018-03-12T04:03:50Z" finished-at="2018-03-12T04:03:54Z">
      <class name="testcases.login">
        <test-method status="PASS" signature="Init()[pri:0, instance:testcases.login@617faa95]" name="Init" is-config="true" duration-ms="8686" started-at="2018-03-12T17:03:41Z" finished-at="2018-03-12T17:03:50Z">
          <reporter-output>
          </reporter-output>
        </test-method> <!-- Init -->
        <test-method status="PASS" signature="logincall()[pri:0, instance:testcases.login@617faa95]" name="logincall" duration-ms="3902" started-at="2018-03-12T17:03:50Z" finished-at="2018-03-12T17:03:54Z">
          <reporter-output>
          </reporter-output>
        </test-method> <!-- logincall -->
        <test-method status="PASS" signature="testrun()[pri:0, instance:testcases.login@617faa95]" name="testrun" duration-ms="2" started-at="2018-03-12T17:03:54Z" finished-at="2018-03-12T17:03:54Z">
          <reporter-output>
          </reporter-output>
        </test-method> <!-- testrun -->
      </class> <!-- testcases.login -->
    </test> <!-- Default test -->
  </suite> <!-- Default suite -->
</testng-results>
